<?xml version="1.0" encoding="UTF-8"?>
<!-- Generated by org.testng.reporters.JUnitReportReporter -->
<testsuite hostname="DESKTOP-KGS15T6" failures="0" tests="7" name="sample.Sample11" time="4.916" errors="0" timestamp="2024-04-08T21:33:53 IST" skipped="1">
  <testcase classname="sample.Sample11" name="testingC" time="0.022"/>
  <system-out/>
  <testcase classname="sample.Sample11" name="testingB" time="0.003"/>
  <system-out/>
  <testcase classname="sample.Sample11" name="testingD" time="0.014"/>
  <system-out/>
  <testcase classname="sample.Sample11" name="testingD" time="0.015"/>
  <system-out/>
  <testcase classname="sample.Sample11" name="testingD" time="0.004"/>
  <system-out/>
  <testcase classname="sample.Sample11" name="testingA" time="4.858"/>
  <system-out/>
  <testcase classname="sample.Sample11" name="testingE">
    <skipped/>
  </testcase> <!-- testingE -->
  <system-out/>
</testsuite> <!-- sample.Sample11 -->
